<?xml version="1.0" encoding="UTF-8"?>
<!-- Generated by org.testng.reporters.JUnitReportReporter -->
<testsuite hostname="GURU-PC" failures="0" tests="1" name="org.Icu.Icu_1" time="18.613" errors="0" timestamp="2023-09-27T10:49:18 IST" skipped="0">
  <testcase classname="org.Icu.Icu_1" name="home" time="18.613"/>
  <system-out/>
</testsuite> <!-- org.Icu.Icu_1 -->
