<?xml version="1.0" encoding="UTF-8"?>
<!-- Generated by org.testng.reporters.JUnitReportReporter -->
<testsuite hostname="GURU-PC" failures="0" tests="1" name="org.Energy.E_1" time="44.713" errors="0" timestamp="2023-09-13T11:48:49 IST" skipped="0">
  <testcase classname="org.Energy.E_1" name="home" time="44.713"/>
  <system-out/>
</testsuite> <!-- org.Energy.E_1 -->
