<?xml version="1.0" encoding="UTF-8"?>
<!-- Generated by org.testng.reporters.JUnitReportReporter -->
<testsuite hostname="GURU-PC" failures="0" tests="1" name="org.tool.T_01" time="72.458" errors="0" timestamp="2023-08-08T16:24:47 IST" skipped="0">
  <testcase classname="org.tool.T_01" name="home" time="72.458"/>
  <system-out/>
</testsuite> <!-- org.tool.T_01 -->
