<?xml version="1.0" encoding="UTF-8"?>
<!-- Generated by org.testng.reporters.JUnitReportReporter -->
<testsuite hostname="GURU-PC" failures="0" tests="1" name="com.Iot.I_06" time="32.424" errors="0" timestamp="2023-09-06T16:51:33 IST" skipped="0">
  <testcase classname="com.Iot.I_06" name="rule_engine" time="32.424"/>
  <system-out/>
</testsuite> <!-- com.Iot.I_06 -->
