<?xml version="1.0" encoding="UTF-8"?>
<!-- Generated by org.testng.reporters.JUnitReportReporter -->
<testsuite hostname="GURU-PC" failures="0" tests="1" name="org.Oee.OE_016" time="439.337" errors="0" timestamp="2023-09-25T13:51:13 IST" skipped="0">
  <testcase classname="org.Oee.OE_016" name="storyboard" time="439.337"/>
  <system-out/>
</testsuite> <!-- org.Oee.OE_016 -->
