<?xml version="1.0" encoding="UTF-8"?>
<!-- Generated by org.testng.reporters.JUnitReportReporter -->
<testsuite hostname="GURU-PC" failures="0" tests="1" name="com.Superadmin.SA_004" time="28.140" errors="0" timestamp="2023-09-05T16:20:47 IST" skipped="0">
  <testcase classname="com.Superadmin.SA_004" name="monitoringParameter" time="28.140"/>
  <system-out/>
</testsuite> <!-- com.Superadmin.SA_004 -->
