<?xml version="1.0" encoding="UTF-8"?>
<!-- Generated by org.testng.reporters.JUnitReportReporter -->
<testsuite hostname="GURU-PC" failures="0" tests="1" name="org.Oee.OE_016" time="438.865" errors="0" timestamp="2023-09-19T09:55:39 IST" skipped="0">
  <testcase classname="org.Oee.OE_016" name="storyboard" time="438.865"/>
  <system-out/>
</testsuite> <!-- org.Oee.OE_016 -->
