<?xml version="1.0" encoding="UTF-8"?>
<!-- Generated by org.testng.reporters.JUnitReportReporter -->
<testsuite hostname="GURU-PC" failures="0" tests="1" name="org.Icu.Icu_2" time="23.643" errors="0" timestamp="2023-09-19T16:05:03 IST" skipped="0">
  <testcase classname="org.Icu.Icu_2" name="home" time="23.643"/>
  <system-out/>
</testsuite> <!-- org.Icu.Icu_2 -->
