<?xml version="1.0" encoding="UTF-8"?>
<!-- Generated by org.testng.reporters.JUnitReportReporter -->
<testsuite hostname="GURU-PC" failures="0" tests="1" name="org.dialysis.Dia_3" time="138.037" errors="0" timestamp="2023-09-21T10:40:10 IST" skipped="0">
  <testcase classname="org.dialysis.Dia_3" name="monitor" time="138.037"/>
  <system-out/>
</testsuite> <!-- org.dialysis.Dia_3 -->
