<?xml version="1.0" encoding="UTF-8"?>
<!-- Generated by org.testng.reporters.JUnitReportReporter -->
<testsuite hostname="GURU-PC" failures="0" tests="1" name="org.dialysis.Dia_2" time="19.219" errors="0" timestamp="2023-09-25T13:59:55 IST" skipped="0">
  <testcase classname="org.dialysis.Dia_2" name="kpi" time="19.219"/>
  <system-out/>
</testsuite> <!-- org.dialysis.Dia_2 -->
