<?xml version="1.0" encoding="UTF-8"?>
<!-- Generated by org.testng.reporters.JUnitReportReporter -->
<testsuite hostname="GURU-PC" failures="0" tests="1" name="com.Iot.I_01" time="18.221" errors="0" timestamp="2023-08-24T11:53:34 IST" skipped="0">
  <testcase classname="com.Iot.I_01" name="org" time="18.221"/>
  <system-out/>
</testsuite> <!-- com.Iot.I_01 -->
