<?xml version="1.0" encoding="UTF-8"?>
<!-- Generated by org.testng.reporters.JUnitReportReporter -->
<testsuite hostname="GURU-PC" failures="0" tests="1" name="org.dialysis.Dia_1" time="40.917" errors="0" timestamp="2023-09-25T13:59:55 IST" skipped="0">
  <testcase classname="org.dialysis.Dia_1" name="home" time="40.917"/>
  <system-out/>
</testsuite> <!-- org.dialysis.Dia_1 -->
