<?xml version="1.0" encoding="UTF-8"?>
<!-- Generated by org.testng.reporters.JUnitReportReporter -->
<testsuite hostname="GURU-PC" failures="0" tests="1" name="org.Sqa.S_5" time="15.177" errors="0" timestamp="2023-08-30T17:17:23 IST" skipped="0">
  <testcase classname="org.Sqa.S_5" name="Report" time="15.177"/>
  <system-out/>
</testsuite> <!-- org.Sqa.S_5 -->
