<?xml version="1.0" encoding="UTF-8"?>
<!-- Generated by org.testng.reporters.JUnitReportReporter -->
<testsuite hostname="GURU-PC" failures="0" tests="1" name="com.Iot.I_04" time="274.181" errors="0" timestamp="2023-09-13T13:52:41 IST" skipped="0">
  <testcase classname="com.Iot.I_04" name="device" time="274.181"/>
  <system-out/>
</testsuite> <!-- com.Iot.I_04 -->
