<?xml version="1.0" encoding="UTF-8"?>
<!-- Generated by org.testng.reporters.JUnitReportReporter -->
<testsuite hostname="GURU-PC" failures="0" tests="1" name="com.Superadmin.SA_008" time="37.951" errors="0" timestamp="2023-09-11T17:36:27 IST" skipped="0">
  <testcase classname="com.Superadmin.SA_008" name="permission" time="37.951"/>
  <system-out/>
</testsuite> <!-- com.Superadmin.SA_008 -->
