<?xml version="1.0" encoding="UTF-8"?>
<!-- Generated by org.testng.reporters.JUnitReportReporter -->
<testsuite hostname="GURU-PC" failures="0" tests="1" name="com.Iot.I_02" time="36.615" errors="0" timestamp="2023-09-06T14:59:27 IST" skipped="0">
  <testcase classname="com.Iot.I_02" name="user" time="36.615"/>
  <system-out/>
</testsuite> <!-- com.Iot.I_02 -->
