<?xml version="1.0" encoding="UTF-8"?>
<!-- Generated by org.testng.reporters.JUnitReportReporter -->
<testsuite hostname="GURU-PC" failures="0" tests="1" name="org.Energy.E_3" time="149.670" errors="0" timestamp="2023-09-29T15:52:16 IST" skipped="0">
  <testcase classname="org.Energy.E_3" name="analytic" time="149.670"/>
  <system-out/>
</testsuite> <!-- org.Energy.E_3 -->
