<?xml version="1.0" encoding="UTF-8"?>
<!-- Generated by org.testng.reporters.JUnitReportReporter -->
<testsuite hostname="GURU-PC" failures="0" tests="1" name="com.TestCase.TC_008" time="9.229" errors="0" timestamp="2023-07-06T16:33:50 IST" skipped="0">
  <testcase classname="com.TestCase.TC_008" name="tc_008" time="9.229"/>
  <system-out/>
</testsuite> <!-- com.TestCase.TC_008 -->
