<?xml version="1.0" encoding="UTF-8"?>
<!-- Generated by org.testng.reporters.JUnitReportReporter -->
<testsuite hostname="GURU-PC" failures="0" tests="1" name="com.TestCase.TC_006" time="41.366" errors="0" timestamp="2023-07-14T17:55:18 IST" skipped="0">
  <testcase classname="com.TestCase.TC_006" name="tc_005" time="41.366"/>
  <system-out/>
</testsuite> <!-- com.TestCase.TC_006 -->
