<?xml version="1.0" encoding="UTF-8"?>
<!-- Generated by org.testng.reporters.JUnitReportReporter -->
<testsuite hostname="GURU-PC" failures="0" tests="1" name="org.Oxygen.Oxy_5" time="34.685" errors="0" timestamp="2023-08-09T13:20:52 IST" skipped="0">
  <testcase classname="org.Oxygen.Oxy_5" name="report" time="34.685"/>
  <system-out/>
</testsuite> <!-- org.Oxygen.Oxy_5 -->
