<?xml version="1.0" encoding="UTF-8"?>
<!-- Generated by org.testng.reporters.JUnitReportReporter -->
<testsuite hostname="GURU-PC" failures="0" tests="1" name="org.Icu.Icu_1" time="23.325" errors="0" timestamp="2023-09-19T11:56:03 IST" skipped="0">
  <testcase classname="org.Icu.Icu_1" name="home" time="23.325"/>
  <system-out/>
</testsuite> <!-- org.Icu.Icu_1 -->
