<?xml version="1.0" encoding="UTF-8"?>
<!-- Generated by org.testng.reporters.JUnitReportReporter -->
<testsuite hostname="GURU-PC" failures="0" tests="1" name="com.Superadmin.SA_005" time="19.561" errors="0" timestamp="2023-09-05T16:23:49 IST" skipped="0">
  <testcase classname="com.Superadmin.SA_005" name="Home" time="19.561"/>
  <system-out/>
</testsuite> <!-- com.Superadmin.SA_005 -->
