<?xml version="1.0" encoding="UTF-8"?>
<!-- Generated by org.testng.reporters.JUnitReportReporter -->
<testsuite hostname="GURU-PC" failures="0" tests="1" name="org.Oxygen.Oxy_1" time="19.760" errors="0" timestamp="2023-09-21T10:27:53 IST" skipped="0">
  <testcase classname="org.Oxygen.Oxy_1" name="home" time="19.760"/>
  <system-out/>
</testsuite> <!-- org.Oxygen.Oxy_1 -->
