<?xml version="1.0" encoding="UTF-8"?>
<!-- Generated by org.testng.reporters.JUnitReportReporter -->
<testsuite hostname="GURU-PC" failures="0" tests="1" name="org.Oxygen.Oxy_4" time="36.740" errors="0" timestamp="2023-09-27T13:21:35 IST" skipped="0">
  <testcase classname="org.Oxygen.Oxy_4" name="report" time="36.740"/>
  <system-out/>
</testsuite> <!-- org.Oxygen.Oxy_4 -->
