<?xml version="1.0" encoding="UTF-8"?>
<!-- Generated by org.testng.reporters.JUnitReportReporter -->
<testsuite hostname="GURU-PC" failures="0" tests="1" name="com.Superadmin.SA_002" time="25.530" errors="0" timestamp="2023-08-22T17:26:57 IST" skipped="0">
  <testcase classname="com.Superadmin.SA_002" name="gateway_type" time="25.530"/>
  <system-out/>
</testsuite> <!-- com.Superadmin.SA_002 -->
