<?xml version="1.0" encoding="UTF-8"?>
<!-- Generated by org.testng.reporters.JUnitReportReporter -->
<testsuite hostname="GURU-PC" failures="0" tests="1" name="org.quality.Q_5" time="27.740" errors="0" timestamp="2023-09-02T12:58:40 IST" skipped="0">
  <testcase classname="org.quality.Q_5" name="production_inspection" time="27.740"/>
  <system-out/>
</testsuite> <!-- org.quality.Q_5 -->
