<?xml version="1.0" encoding="UTF-8"?>
<!-- Generated by org.testng.reporters.JUnitReportReporter -->
<testsuite hostname="GURU-PC" failures="0" tests="1" name="com.TestCase.TC_003" time="36.991" errors="0" timestamp="2023-07-14T17:55:18 IST" skipped="0">
  <testcase classname="com.TestCase.TC_003" name="tc_003" time="36.991"/>
  <system-out/>
</testsuite> <!-- com.TestCase.TC_003 -->
