<?xml version="1.0" encoding="UTF-8"?>
<!-- Generated by org.testng.reporters.JUnitReportReporter -->
<testsuite hostname="GURU-PC" failures="0" tests="1" name="org.Energy.E_5" time="68.139" errors="0" timestamp="2023-09-13T12:26:12 IST" skipped="0">
  <testcase classname="org.Energy.E_5" name="customreport" time="68.139"/>
  <system-out/>
</testsuite> <!-- org.Energy.E_5 -->
