<?xml version="1.0" encoding="UTF-8"?>
<!-- Generated by org.testng.reporters.JUnitReportReporter -->
<testsuite hostname="GURU-PC" failures="0" tests="1" name="com.TestCase.TC_009" time="23.330" errors="0" timestamp="2023-07-06T16:55:48 IST" skipped="0">
  <testcase classname="com.TestCase.TC_009" name="platformdeploy" time="23.330"/>
  <system-out/>
</testsuite> <!-- com.TestCase.TC_009 -->
