<?xml version="1.0" encoding="UTF-8"?>
<!-- Generated by org.testng.reporters.JUnitReportReporter -->
<testsuite hostname="GURU-PC" failures="0" tests="1" name="org.Energy.E_7" time="38.207" errors="0" timestamp="2023-09-11T12:56:05 IST" skipped="0">
  <testcase classname="org.Energy.E_7" name="customreport" time="38.207"/>
  <system-out/>
</testsuite> <!-- org.Energy.E_7 -->
