<?xml version="1.0" encoding="UTF-8"?>
<!-- Generated by org.testng.reporters.JUnitReportReporter -->
<testsuite hostname="GURU-PC" failures="0" tests="1" name="org.Oee.OE_002" time="15.056" errors="0" timestamp="2023-09-14T10:59:03 IST" skipped="0">
  <testcase classname="org.Oee.OE_002" name="homepage" time="15.056"/>
  <system-out/>
</testsuite> <!-- org.Oee.OE_002 -->
