<?xml version="1.0" encoding="UTF-8"?>
<!-- Generated by org.testng.reporters.JUnitReportReporter -->
<testsuite hostname="GURU-PC" failures="0" tests="1" name="org.Fire.F_2" time="191.771" errors="0" timestamp="2023-09-13T11:48:48 IST" skipped="0">
  <testcase classname="org.Fire.F_2" name="fire" time="191.771"/>
  <system-out/>
</testsuite> <!-- org.Fire.F_2 -->
