<?xml version="1.0" encoding="UTF-8"?>
<!-- Generated by org.testng.reporters.JUnitReportReporter -->
<testsuite hostname="GURU-PC" failures="0" tests="1" name="org.Fire.F_2" time="193.279" errors="0" timestamp="2023-09-27T13:21:35 IST" skipped="0">
  <testcase classname="org.Fire.F_2" name="fire" time="193.279"/>
  <system-out/>
</testsuite> <!-- org.Fire.F_2 -->
