<?xml version="1.0" encoding="UTF-8"?>
<!-- Generated by org.testng.reporters.JUnitReportReporter -->
<testsuite hostname="GURU-PC" failures="0" tests="4" name="com.BaseTest.DP_001" time="31.032" errors="0" timestamp="2023-06-23T17:43:43 IST" skipped="0">
  <testcase classname="com.BaseTest.DP_001" name="tc_001" time="7.877"/>
  <system-out/>
  <testcase classname="com.BaseTest.DP_001" name="tc_001" time="7.966"/>
  <system-out/>
  <testcase classname="com.BaseTest.DP_001" name="tc_001" time="7.573"/>
  <system-out/>
  <testcase classname="com.BaseTest.DP_001" name="tc_001" time="7.616"/>
  <system-out/>
</testsuite> <!-- com.BaseTest.DP_001 -->
