<?xml version="1.0" encoding="UTF-8"?>
<!-- Generated by org.testng.reporters.JUnitReportReporter -->
<testsuite hostname="GURU-PC" failures="0" tests="1" name="com.Partner.P_2" time="24.043" errors="0" timestamp="2023-09-07T17:39:25 IST" skipped="0">
  <testcase classname="com.Partner.P_2" name="home" time="24.043"/>
  <system-out/>
</testsuite> <!-- com.Partner.P_2 -->
