<?xml version="1.0" encoding="UTF-8"?>
<!-- Generated by org.testng.reporters.JUnitReportReporter -->
<testsuite hostname="GURU-PC" failures="0" tests="1" name="com.Iot.I_05" time="15.419" errors="0" timestamp="2023-09-06T15:24:05 IST" skipped="0">
  <testcase classname="com.Iot.I_05" name="report" time="15.419"/>
  <system-out/>
</testsuite> <!-- com.Iot.I_05 -->
