<?xml version="1.0" encoding="UTF-8"?>
<!-- Generated by org.testng.reporters.JUnitReportReporter -->
<testsuite hostname="GURU-PC" failures="0" tests="1" name="org.Oee.OE_005" time="166.360" errors="0" timestamp="2023-09-28T10:10:52 IST" skipped="0">
  <testcase classname="org.Oee.OE_005" name="analytics_prod" time="166.360"/>
  <system-out/>
</testsuite> <!-- org.Oee.OE_005 -->
