<?xml version="1.0" encoding="UTF-8"?>
<!-- Generated by org.testng.reporters.JUnitReportReporter -->
<testsuite hostname="GURU-PC" failures="0" tests="1" name="org.tool.T_02" time="168.188" errors="0" timestamp="2023-08-08T16:24:47 IST" skipped="0">
  <testcase classname="org.tool.T_02" name="toollife" time="168.188"/>
  <system-out/>
</testsuite> <!-- org.tool.T_02 -->
