<?xml version="1.0" encoding="UTF-8"?>
<!-- Generated by org.testng.reporters.JUnitReportReporter -->
<testsuite hostname="GURU-PC" failures="0" tests="1" name="com.Superadmin.SA_009" time="13.670" errors="0" timestamp="2023-08-18T12:28:55 IST" skipped="0">
  <testcase classname="com.Superadmin.SA_009" name="Product" time="13.670"/>
  <system-out/>
</testsuite> <!-- com.Superadmin.SA_009 -->
