<?xml version="1.0" encoding="UTF-8"?>
<!-- Generated by org.testng.reporters.JUnitReportReporter -->
<testsuite hostname="GURU-PC" failures="0" tests="1" name="org.Oee.OE_001" time="226.942" errors="0" timestamp="2023-08-07T17:54:40 IST" skipped="0">
  <testcase classname="org.Oee.OE_001" name="oeemonitoring" time="226.942"/>
  <system-out/>
</testsuite> <!-- org.Oee.OE_001 -->
