<?xml version="1.0" encoding="UTF-8"?>
<!-- Generated by org.testng.reporters.JUnitReportReporter -->
<testsuite hostname="GURU-PC" failures="0" tests="1" name="org.Oee.OE_010" time="184.585" errors="0" timestamp="2023-09-19T11:14:48 IST" skipped="0">
  <testcase classname="org.Oee.OE_010" name="maintenance" time="184.585"/>
  <system-out/>
</testsuite> <!-- org.Oee.OE_010 -->
