<?xml version="1.0" encoding="UTF-8"?>
<!-- Generated by org.testng.reporters.JUnitReportReporter -->
<testsuite hostname="GURU-PC" failures="0" tests="1" name="com.Superadmin.SA_011" time="31.943" errors="0" timestamp="2023-09-05T16:38:09 IST" skipped="0">
  <testcase classname="com.Superadmin.SA_011" name="support" time="31.943"/>
  <system-out/>
</testsuite> <!-- com.Superadmin.SA_011 -->
