<?xml version="1.0" encoding="UTF-8"?>
<!-- Generated by org.testng.reporters.JUnitReportReporter -->
<testsuite hostname="GURU-PC" failures="0" tests="1" name="com.Superadmin.SA_012" time="62.741" errors="0" timestamp="2023-09-11T17:34:58 IST" skipped="0">
  <testcase classname="com.Superadmin.SA_012" name="Permissioncheck" time="62.741"/>
  <system-out/>
</testsuite> <!-- com.Superadmin.SA_012 -->
