<?xml version="1.0" encoding="UTF-8"?>
<!-- Generated by org.testng.reporters.JUnitReportReporter -->
<testsuite hostname="GURU-PC" failures="0" tests="1" name="org.Oxygen.Oxy_4" time="35.164" errors="0" timestamp="2023-09-21T10:27:53 IST" skipped="0">
  <testcase classname="org.Oxygen.Oxy_4" name="report" time="35.164"/>
  <system-out/>
</testsuite> <!-- org.Oxygen.Oxy_4 -->
