<?xml version="1.0" encoding="UTF-8"?>
<!-- Generated by org.testng.reporters.JUnitReportReporter -->
<testsuite hostname="GURU-PC" failures="0" tests="1" name="com.Superadmin.SA_001" time="36.987" errors="0" timestamp="2023-09-05T16:10:49 IST" skipped="0">
  <testcase classname="com.Superadmin.SA_001" name="partlisting" time="36.987"/>
  <system-out/>
</testsuite> <!-- com.Superadmin.SA_001 -->
