<?xml version="1.0" encoding="UTF-8"?>
<!-- Generated by org.testng.reporters.JUnitReportReporter -->
<testsuite hostname="GURU-PC" failures="0" tests="1" name="org.quality.Q_6" time="68.035" errors="0" timestamp="2023-09-04T15:30:51 IST" skipped="0">
  <testcase classname="org.quality.Q_6" name="Report" time="68.035"/>
  <system-out/>
</testsuite> <!-- org.quality.Q_6 -->
