<?xml version="1.0" encoding="UTF-8"?>
<!-- Generated by org.testng.reporters.JUnitReportReporter -->
<testsuite hostname="GURU-PC" failures="0" tests="1" name="org.Fire.F_1" time="81.281" errors="0" timestamp="2023-09-13T11:48:49 IST" skipped="0">
  <testcase classname="org.Fire.F_1" name="home" time="81.281"/>
  <system-out/>
</testsuite> <!-- org.Fire.F_1 -->
