<?xml version="1.0" encoding="UTF-8"?>
<!-- Generated by org.testng.reporters.JUnitReportReporter -->
<testsuite hostname="GURU-PC" failures="0" tests="1" name="org.Icu.Icu_3" time="23.625" errors="0" timestamp="2023-09-27T12:08:49 IST" skipped="0">
  <testcase classname="org.Icu.Icu_3" name="home" time="23.625"/>
  <system-out/>
</testsuite> <!-- org.Icu.Icu_3 -->
