<?xml version="1.0" encoding="UTF-8"?>
<!-- Generated by org.testng.reporters.JUnitReportReporter -->
<testsuite hostname="GURU-PC" failures="0" tests="1" name="com.Superadmin.SA_007" time="26.953" errors="0" timestamp="2023-08-25T12:54:49 IST" skipped="0">
  <testcase classname="com.Superadmin.SA_007" name="controlcenter" time="26.953"/>
  <system-out/>
</testsuite> <!-- com.Superadmin.SA_007 -->
